;  LST file generated by mikroListExporter - v.2.0 
; Date/Time: 02/07/2018 02:27:34 ã
;----------------------------------------------

;Address Opcode 	ASM
0x0000	0x2803      	GOTO       3
_main:
;MyProject.c,1 :: 		void main() {
;MyProject.c,2 :: 		trisb=0;
0x0003	0x1683      	BSF        STATUS, 5
0x0004	0x1303      	BCF        STATUS, 6
0x0005	0x0186      	CLRF       TRISB
;MyProject.c,3 :: 		portb.rb0=0;
0x0006	0x1283      	BCF        STATUS, 5
0x0007	0x1006      	BCF        PORTB, 0
;MyProject.c,4 :: 		portb.rb1=0;
0x0008	0x1086      	BCF        PORTB, 1
;MyProject.c,5 :: 		trisd=1;
0x0009	0x3001      	MOVLW      1
0x000A	0x1683      	BSF        STATUS, 5
0x000B	0x0088      	MOVWF      TRISD
;MyProject.c,6 :: 		portd.rd0=0;
0x000C	0x1283      	BCF        STATUS, 5
0x000D	0x1008      	BCF        PORTD, 0
;MyProject.c,7 :: 		portd.rd1=0;
0x000E	0x1088      	BCF        PORTD, 1
;MyProject.c,12 :: 		if(portd.rd0==1)
0x000F	0x1C08      	BTFSS      PORTD, 0
0x0010	0x2814      	GOTO       L_main0
;MyProject.c,14 :: 		portb.rb0=1;
0x0011	0x1406      	BSF        PORTB, 0
;MyProject.c,15 :: 		portb.rb1=0;
0x0012	0x1086      	BCF        PORTB, 1
;MyProject.c,16 :: 		}
0x0013	0x2818      	GOTO       L_main1
L_main0:
;MyProject.c,17 :: 		else if(portd.rd1==1)
0x0014	0x1C88      	BTFSS      PORTD, 1
0x0015	0x2818      	GOTO       L_main2
;MyProject.c,19 :: 		portb.rb0=0;
0x0016	0x1006      	BCF        PORTB, 0
;MyProject.c,20 :: 		portb.rb1=1;
0x0017	0x1486      	BSF        PORTB, 1
;MyProject.c,21 :: 		}
L_main2:
L_main1:
;MyProject.c,23 :: 		}
L_end_main:
0x0018	0x2818      	GOTO       $+0
; end of _main
Symbol List:
//** Routines locations **
//ADDRESS    SIZE    PROCEDURE
//----------------------------------------------
0x0003      [22]    _main
//** Variables locations ** 
//ADDRESS    SIZE    VARIABLE
//----------------------------------------------
0x0000       [1]    INDF
0x0003       [1]    STATUS
0x0004       [1]    FSR
0x0006       [1]    PORTB
0x0008       [1]    PORTD
0x000A       [1]    PCLATH
0x0020       [2]    ___DoICPAddr
0x0070       [1]    R0
0x0071       [1]    R1
0x0072       [1]    R2
0x0073       [1]    R3
0x0074       [1]    R4
0x0075       [1]    R5
0x0076       [1]    R6
0x0077       [1]    R7
0x0078       [1]    R8
0x0079       [1]    R9
0x007A       [1]    R10
0x007B       [1]    R11
0x007C       [1]    R12
0x007D       [1]    R13
0x007E       [1]    R14
0x007F       [1]    R15
0x0086       [1]    TRISB
0x0088       [1]    TRISD
